c:\source\source.cpp\libcore\release\vc141.pdb
c:\source\source.cpp\libcore\release\util.obj
c:\source\source.cpp\libcore\release\json.obj
c:\source\source.cpp\libcore\release\idbconnection.obj
c:\source\source.cpp\libcore\release\cdbconnection.obj
c:\source\source.cpp\libcore\release\czlib.obj
c:\source\source.cpp\libcore\release\libcore.obj
c:\source\source.cpp\libcore\release\dllmain.obj
c:\source\source.cpp\release\libcore.lib
c:\source\source.cpp\release\libcore.exp
c:\source\source.cpp\release\libcore.ipdb
c:\source\source.cpp\release\libcore.iobj
c:\source\source.cpp\release\libcore.dll
c:\source\source.cpp\release\libcore.pdb
c:\source\source.cpp\libcore\release\libcore.tlog\cl.command.1.tlog
c:\source\source.cpp\libcore\release\libcore.tlog\cl.read.1.tlog
c:\source\source.cpp\libcore\release\libcore.tlog\cl.write.1.tlog
c:\source\source.cpp\libcore\release\libcore.tlog\libcore.write.1u.tlog
c:\source\source.cpp\libcore\release\libcore.tlog\link.command.1.tlog
c:\source\source.cpp\libcore\release\libcore.tlog\link.read.1.tlog
c:\source\source.cpp\libcore\release\libcore.tlog\link.write.1.tlog
