c:\source\source.cpp\libcore\debug\vc141.pdb
c:\source\source.cpp\libcore\debug\vc141.idb
c:\source\source.cpp\libcore\debug\util.obj
c:\source\source.cpp\libcore\debug\json.obj
c:\source\source.cpp\libcore\debug\db.obj
c:\source\source.cpp\libcore\debug\cdbconnection.obj
c:\source\source.cpp\libcore\debug\czlib.obj
c:\source\source.cpp\libcore\debug\libcore.obj
c:\source\source.cpp\libcore\debug\dllmain.obj
c:\source\source.cpp\debug\libcore.lib
c:\source\source.cpp\debug\libcore.exp
c:\source\source.cpp\debug\libcore.ilk
c:\source\source.cpp\debug\libcore.dll
c:\source\source.cpp\debug\libcore.pdb
c:\source\source.cpp\libcore\debug\libcore.tlog\cl.command.1.tlog
c:\source\source.cpp\libcore\debug\libcore.tlog\cl.read.1.tlog
c:\source\source.cpp\libcore\debug\libcore.tlog\cl.write.1.tlog
c:\source\source.cpp\libcore\debug\libcore.tlog\libcore.write.1u.tlog
c:\source\source.cpp\libcore\debug\libcore.tlog\link.command.1.tlog
c:\source\source.cpp\libcore\debug\libcore.tlog\link.read.1.tlog
c:\source\source.cpp\libcore\debug\libcore.tlog\link.write.1.tlog
